C51 COMPILER V9.01   LCD                                                                   12/23/2020 17:05:39 PAGE 1   


C51 COMPILER V9.01, COMPILATION OF MODULE LCD
OBJECT MODULE PLACED IN lcd.OBJ
COMPILER INVOKED BY: D:\keil4C51\C51\BIN\C51.exe lcd.c

line level    source

   1          #include "lcd.h"
   2          
   3          void Lcd1602_Delay1ms(uint c)
   4          {
   5   1              uchar a, b;
   6   1              for (; c > 0; c--)
   7   1              {
   8   2                      for (b = 199; b > 0; b--)
   9   2                      {
  10   3                              for (a = 1; a > 0; a--)
  11   3                                      ;
  12   3                      }
  13   2              }
  14   1      }
  15          
  16          #ifndef LCD1602_4PINS
              void LcdWriteCom(uchar com)
                              LCD1602_E = 0;
              LCD1602_RS = 0;
              LCD1602_RW = 0;
              
              LCD1602_DATAPINS = com;
              Lcd1602_Delay1ms(1);
              
              LCD1602_E = 1;
              Lcd1602_Delay1ms(5);
              LCD1602_E = 0;
              }
              #else
  30          void LcdWriteCom(uchar com)
  31          {
  32   1              LCD1602_E = 0;
  33   1              LCD1602_RS = 0;
  34   1              LCD1602_RW = 0;
  35   1      
  36   1              LCD1602_DATAPINS = com;
  37   1              Lcd1602_Delay1ms(1);
  38   1      
  39   1              LCD1602_E = 1;
  40   1              Lcd1602_Delay1ms(5);
  41   1              LCD1602_E = 0;
  42   1      
  43   1              //      Lcd1602_Delay1ms(1);
  44   1              LCD1602_DATAPINS = com << 4;
  45   1              Lcd1602_Delay1ms(1);
  46   1      
  47   1              LCD1602_E = 1;
  48   1              Lcd1602_Delay1ms(5);
  49   1              LCD1602_E = 0;
  50   1      }
  51          #endif
  52          
  53          #ifndef LCD1602_4PINS
              void LcdWriteData(uchar dat)
              {
C51 COMPILER V9.01   LCD                                                                   12/23/2020 17:05:39 PAGE 2   

                      LCD1602_E = 0;
                      LCD1602_RS = 1;
                      LCD1602_RW = 0;
              
                      LCD1602_DATAPINS = dat;
                      Lcd1602_Delay1ms(1);
              
                      LCD1602_E = 1;
                      Lcd1602_Delay1ms(5);
                      LCD1602_E = 0;
              }
              #else
  68          void LcdWriteData(uchar dat)
  69          {
  70   1              LCD1602_E = 0;
  71   1              LCD1602_RS = 1;
  72   1              LCD1602_RW = 0;
  73   1      
  74   1              LCD1602_DATAPINS = dat;
  75   1              Lcd1602_Delay1ms(1);
  76   1      
  77   1              LCD1602_E = 1;
  78   1              Lcd1602_Delay1ms(5);
  79   1              LCD1602_E = 0;
  80   1      
  81   1              LCD1602_DATAPINS = dat << 4;
  82   1              Lcd1602_Delay1ms(1);
  83   1      
  84   1              LCD1602_E = 1;
  85   1              Lcd1602_Delay1ms(5);
  86   1              LCD1602_E = 0;
  87   1      }
  88          #endif
  89          #ifndef LCD1602_4PINS
              void LcdInit()
              {
                      LcdWriteCom(0x38);
                      LcdWriteCom(0x0c);
                      LcdWriteCom(0x06);
                      LcdWriteCom(0x01);
                      LcdWriteCom(0x80);
              }
              #else
  99          void LcdInit()
 100          {
 101   1              LcdWriteCom(0x32);
 102   1              LcdWriteCom(0x28);
 103   1              LcdWriteCom(0x0c);
 104   1              LcdWriteCom(0x06);
 105   1              LcdWriteCom(0x01);
 106   1              LcdWriteCom(0x80);
 107   1      }
 108          #endif


MODULE INFORMATION:   STATIC OVERLAYABLE
   CODE SIZE        =    120    ----
   CONSTANT SIZE    =   ----    ----
   XDATA SIZE       =   ----    ----
   PDATA SIZE       =   ----    ----
   DATA SIZE        =   ----    ----
   IDATA SIZE       =   ----    ----
C51 COMPILER V9.01   LCD                                                                   12/23/2020 17:05:39 PAGE 3   

   BIT SIZE         =   ----    ----
END OF MODULE INFORMATION.


C51 COMPILATION COMPLETE.  0 WARNING(S),  0 ERROR(S)
