C51 COMPILER V9.01   MAIN                                                                  09/12/2020 17:26:50 PAGE 1   


C51 COMPILER V9.01, COMPILATION OF MODULE MAIN
OBJECT MODULE PLACED IN main.OBJ
COMPILER INVOKED BY: D:\keil4C51\C51\BIN\C51.exe main.c

line level    source

   1          #include "REG52.h"
   2          sbit LED = P0 ^ 0;
   3          void main()
   4          {
   5   1          while (1)
   6   1          {
   7   2              LED = 1;
   8   2          }
   9   1      }


MODULE INFORMATION:   STATIC OVERLAYABLE
   CODE SIZE        =      4    ----
   CONSTANT SIZE    =   ----    ----
   XDATA SIZE       =   ----    ----
   PDATA SIZE       =   ----    ----
   DATA SIZE        =   ----    ----
   IDATA SIZE       =   ----    ----
   BIT SIZE         =   ----    ----
END OF MODULE INFORMATION.


C51 COMPILATION COMPLETE.  0 WARNING(S),  0 ERROR(S)
